<?xml version="1.0" encoding="UTF-8"?>
<!-- Generated by org.testng.reporters.JUnitXMLReporter -->
<testsuite ignored="0" hostname="WENDELLROBLES-HP-EB-840-G3" failures="0" tests="5" name="Surefire test" time="114.97" errors="0" timestamp="2024-09-23T06:20:11 CDT">
  <testcase classname="test.com.SearchItemAddToFavoritesTest" name="testSearchItemAddToFavorites" time="23.008"/>
  <testcase classname="test.com.SearchStoreByZipCodeTest" name="testSearchStoreByZipCode" time="19.009"/>
  <testcase classname="test.com.FAQReturnsTest" name="testFAQReturns" time="15.449"/>
  <testcase classname="test.com.AddItemToFavoritesTest" name="testAddItemToFavorites" time="21.097"/>
  <testcase classname="test.com.SearchStoreByCityStateDirectionsTest" name="testSearchStoreByCityStateDirections" time="22.65"/>
</testsuite> <!-- Surefire test -->
