<?xml version="1.0" encoding="UTF-8"?>
<!-- Generated by org.testng.reporters.JUnitXMLReporter -->
<testsuite ignored="0" hostname="WENDELLROBLES-HP-EB-840-G3" failures="0" tests="4" name="Surefire test" time="86.188" errors="0" timestamp="2024-09-23T06:29:57 CDT">
  <testcase classname="test.com.SearchStoreByZipCodeTest" name="testSearchStoreByZipCode" time="18.89"/>
  <testcase classname="test.com.FAQReturnsTest" name="testFAQReturns" time="15.125"/>
  <testcase classname="test.com.AddItemToFavoritesTest" name="testAddItemToFavorites" time="22.445"/>
  <testcase classname="test.com.SearchStoreByCityStateDirectionsTest" name="testSearchStoreByCityStateDirections" time="21.367"/>
</testsuite> <!-- Surefire test -->
