<?xml version="1.0" encoding="UTF-8"?>
<testng-results ignored="0" total="1" passed="1" failed="0" skipped="0">
  <reporter-output>
  </reporter-output>
  <suite started-at="2024-09-23T05:53:45 CDT" name="Surefire suite" finished-at="2024-09-23T05:54:21 CDT" duration-ms="35802">
    <groups>
    </groups>
    <test started-at="2024-09-23T05:53:45 CDT" name="Surefire test" finished-at="2024-09-23T05:54:21 CDT" duration-ms="35802">
      <class name="test.com.AddItemToFavoritesTest">
        <test-method is-config="true" signature="setUpClass()[pri:0, instance:test.com.AddItemToFavoritesTest@6d2a209c]" started-at="2024-09-23T05:53:45 CDT" name="setUpClass" finished-at="2024-09-23T05:53:45 CDT" duration-ms="12" status="PASS">
          <reporter-output>
          </reporter-output>
        </test-method> <!-- setUpClass -->
        <test-method is-config="true" signature="setUpMethod()[pri:0, instance:test.com.AddItemToFavoritesTest@6d2a209c]" started-at="2024-09-23T05:53:45 CDT" name="setUpMethod" finished-at="2024-09-23T05:53:47 CDT" duration-ms="2602" status="PASS">
          <reporter-output>
          </reporter-output>
        </test-method> <!-- setUpMethod -->
        <test-method signature="testAddItemToFavorites()[pri:0, instance:test.com.AddItemToFavoritesTest@6d2a209c]" started-at="2024-09-23T05:53:47 CDT" name="testAddItemToFavorites" finished-at="2024-09-23T05:54:20 CDT" duration-ms="32901" status="PASS">
          <reporter-output>
          </reporter-output>
        </test-method> <!-- testAddItemToFavorites -->
        <test-method is-config="true" signature="tearDownMethod()[pri:0, instance:test.com.AddItemToFavoritesTest@6d2a209c]" started-at="2024-09-23T05:54:20 CDT" name="tearDownMethod" finished-at="2024-09-23T05:54:21 CDT" duration-ms="238" status="PASS">
          <reporter-output>
          </reporter-output>
        </test-method> <!-- tearDownMethod -->
        <test-method is-config="true" signature="tearDownClass()[pri:0, instance:test.com.AddItemToFavoritesTest@6d2a209c]" started-at="2024-09-23T05:54:21 CDT" name="tearDownClass" finished-at="2024-09-23T05:54:21 CDT" duration-ms="0" status="PASS">
          <reporter-output>
          </reporter-output>
        </test-method> <!-- tearDownClass -->
      </class> <!-- test.com.AddItemToFavoritesTest -->
    </test> <!-- Surefire test -->
  </suite> <!-- Surefire suite -->
</testng-results>
